<?xml version="1.0" encoding="UTF-8"?>
<beans xmlns="http://www.springframework.org/schema/beans" 
	xmlns:xsi="http://www.w3.org/2001/XMLSchema-instance" 
	xmlns:context="http://www.springframework.org/schema/context"
	xmlns:util="http://www.springframework.org/schema/util"
	xmlns:socket="http://www.my9yu.com/common/socket" 
	xmlns:protocol="http://www.my9yu.com/common/protocol"
	xsi:schemaLocation="
http://www.springframework.org/schema/beans http://www.springframework.org/schema/beans/spring-beans-3.0.xsd
http://www.springframework.org/schema/context http://www.springframework.org/schema/context/spring-context-3.0.xsd
http://www.springframework.org/schema/util http://www.springframework.org/schema/util/spring-util-3.0.xsd
http://www.my9yu.com/common/protocol http://www.my9yu.com/common/protocol/protocol-2.5.xsd
http://www.my9yu.com/common/socket http://www.my9yu.com/common/socket/socket-2.5.xsd">

	<!-- 会话管理器 
	<bean id="sessionManager" class="com.my9yu.common.socket.filter.session.SessionManagerFilter">
		<property name="handlerName" value="server-handler" />
	</bean>
	-->

	<!-- 解码器配置 -->
	<bean id="defaultCoder" class="com.my9yu.common.socket.codec.ProtocolCoder" />
	<protocol:config id="protocol" />
	<bean id="jsonCoder" class="com.my9yu.common.socket.codec.JsonCoder" />
	
	<!-- 连接游戏服的Socket客户端 -->
	<socket:client-factory id="client" config="classpath:test-client.properties">
		<socket:filters />
		<socket:coders>
			<socket:coder format="0" ref="defaultCoder" />
			<socket:coder format="1" ref="jsonCoder" />
		</socket:coders>
		<socket:commands scan-beans="false">
			<socket:interface name="com.my9yu.charge.facade.ChargeFacade" />
		</socket:commands>
	</socket:client-factory>

</beans>
